2025-06-26 23:25:47,878 - INFO - Database dw_nilai_kelasc berhasil dibuat ulang.
2025-06-26 23:25:47,928 - INFO - Tabel-tabel star schema berhasil dibuat.
2025-06-26 23:25:47,932 - INFO - Referensi nilai berhasil dimasukkan ke Dim_Nilai.
2025-06-26 23:25:48,014 - ERROR - [GAGAL] Proses Adelia Paramita Putri_5026231196.pdf error: 'NoneType' object has no attribute 'group'
2025-06-26 23:25:48,127 - ERROR - [GAGAL] Proses Adifa Fajri_5026231178.pdf error: 'NoneType' object has no attribute 'group'
2025-06-26 23:25:48,237 - ERROR - [GAGAL] Proses Akhtar Zia_5026231095.pdf error: 'NoneType' object has no attribute 'group'
2025-06-26 23:25:48,351 - ERROR - [GAGAL] Proses Alfan Ghofari_5026231208.pdf error: 'NoneType' object has no attribute 'group'
2025-06-26 23:25:48,433 - ERROR - [GAGAL] Proses Arjuna Veetaraq_5026231227.pdf error: 'NoneType' object has no attribute 'group'
2025-06-26 23:25:48,533 - ERROR - [GAGAL] Proses Muhammad Razan Parisya Putra_5026231174.pdf error: 'NoneType' object has no attribute 'group'
2025-06-26 23:30:14,549 - INFO - Database dw_nilai_kelasc berhasil dibuat ulang.
2025-06-26 23:30:14,604 - INFO - Tabel-tabel star schema berhasil dibuat.
2025-06-26 23:30:14,607 - INFO - Referensi nilai berhasil dimasukkan ke Dim_Nilai.
2025-06-26 23:30:14,704 - INFO - [SUKSES] Proses ETL untuk Adelia Paramita Putri_5026231196.pdf selesai.
2025-06-26 23:30:14,798 - INFO - [SUKSES] Proses ETL untuk Adifa Fajri_5026231178.pdf selesai.
2025-06-26 23:30:14,877 - INFO - [SUKSES] Proses ETL untuk Akhtar Zia_5026231095.pdf selesai.
2025-06-26 23:30:14,961 - INFO - [SUKSES] Proses ETL untuk Alfan Ghofari_5026231208.pdf selesai.
2025-06-26 23:30:15,045 - INFO - [SUKSES] Proses ETL untuk Arjuna Veetaraq_5026231227.pdf selesai.
2025-06-26 23:30:15,129 - INFO - [SUKSES] Proses ETL untuk Muhammad Razan Parisya Putra_5026231174.pdf selesai.
2025-06-26 23:35:34,202 - INFO - Database dw_nilai_kelasc berhasil dibuat ulang.
2025-06-26 23:35:34,254 - INFO - Tabel-tabel star schema berhasil dibuat.
2025-06-26 23:35:34,258 - INFO - Referensi nilai berhasil dimasukkan ke Dim_Nilai.
2025-06-26 23:35:34,362 - INFO - [SUKSES] Proses ETL untuk Adelia Paramita Putri_5026231196.pdf selesai.
2025-06-26 23:35:34,468 - INFO - [SUKSES] Proses ETL untuk Adifa Fajri_5026231178.pdf selesai.
2025-06-26 23:35:34,567 - INFO - [SUKSES] Proses ETL untuk Akhtar Zia_5026231095.pdf selesai.
2025-06-26 23:35:34,651 - INFO - [SUKSES] Proses ETL untuk Alfan Ghofari_5026231208.pdf selesai.
2025-06-26 23:35:34,742 - INFO - [SUKSES] Proses ETL untuk Arjuna Veetaraq_5026231227.pdf selesai.
2025-06-26 23:35:34,835 - INFO - [SUKSES] Proses ETL untuk Muhammad Razan Parisya Putra_5026231174.pdf selesai.
